<?xml version="1.0" encoding="UTF-8"?>
<!-- Generated by org.testng.reporters.JUnitReportReporter -->
<testsuite hostname="NoahLenin" failures="0" tests="1" name="crm_proj.opportunity1" time="12.777" errors="0" timestamp="2021-11-30T18:11:36 IST" skipped="0">
  <testcase classname="crm_proj.opportunity1" name="test1" time="12.777"/>
  <system-out/>
</testsuite> <!-- crm_proj.opportunity1 -->
