<?xml version="1.0" encoding="UTF-8"?>
<!-- Generated by org.testng.reporters.JUnitReportReporter -->
<testsuite hostname="NoahLenin" failures="0" tests="1" name="crm_proj.test2" time="14.149" errors="0" timestamp="2021-11-30T17:24:02 IST" skipped="0">
  <testcase classname="crm_proj.test2" name="tc2" time="14.149"/>
  <system-out/>
</testsuite> <!-- crm_proj.test2 -->
