<?xml version="1.0" encoding="UTF-8"?>
<!-- Generated by org.testng.reporters.JUnitReportReporter -->
<testsuite hostname="Noah" failures="0" tests="1" name="crm_proj.grpstest" time="13.575" errors="0" timestamp="2021-12-30T15:48:34 IST" skipped="0">
  <testcase classname="crm_proj.grpstest" name="tc6" time="13.575"/>
  <system-out/>
</testsuite> <!-- crm_proj.grpstest -->
