<?xml version="1.0" encoding="UTF-8"?>
<!-- Generated by org.testng.reporters.JUnitReportReporter -->
<testsuite hostname="Noah" failures="0" tests="2" name="crm_proj.test2" time="16.008" errors="0" timestamp="2021-12-06T15:55:52 IST" skipped="0">
  <testcase classname="crm_proj.test2" name="tc2" time="7.809"/>
  <system-out/>
  <testcase classname="crm_proj.test2" name="tc2" time="8.199"/>
  <system-out/>
</testsuite> <!-- crm_proj.test2 -->
