<?xml version="1.0" encoding="UTF-8"?>
<!-- Generated by org.testng.reporters.JUnitReportReporter -->
<testsuite hostname="NoahLenin" failures="0" tests="1" name="crm_proj.prac" time="4.886" errors="0" timestamp="2021-11-28T18:37:07 IST" skipped="0">
  <testcase classname="crm_proj.prac" name="tc" time="4.886"/>
  <system-out/>
</testsuite> <!-- crm_proj.prac -->
