<?xml version="1.0" encoding="UTF-8"?>
<!-- Generated by org.testng.reporters.JUnitReportReporter -->
<testsuite hostname="Noah" failures="0" tests="1" name="crm_proj.test4" time="19.197" errors="0" timestamp="2021-12-30T12:44:26 IST" skipped="0">
  <testcase classname="crm_proj.test4" name="tc4" time="19.197"/>
  <system-out/>
</testsuite> <!-- crm_proj.test4 -->
