<?xml version="1.0" encoding="UTF-8"?>
<!-- Generated by org.testng.reporters.JUnitReportReporter -->
<testsuite hostname="NoahLenin" failures="0" tests="1" name="crm_proj.test1" time="13.814" errors="0" timestamp="2021-12-01T17:39:30 IST" skipped="0">
  <testcase classname="crm_proj.test1" name="tc1" time="13.814"/>
  <system-out/>
</testsuite> <!-- crm_proj.test1 -->
