<?xml version="1.0" encoding="UTF-8"?>
<!-- Generated by org.testng.reporters.JUnitReportReporter -->
<testsuite hostname="Noah" failures="0" tests="1" name="crm_proj.grptest" time="25.864" errors="0" timestamp="2021-12-30T15:49:36 IST" skipped="0">
  <testcase classname="crm_proj.grptest" name="tc4" time="25.864"/>
  <system-out/>
</testsuite> <!-- crm_proj.grptest -->
