<?xml version="1.0" encoding="UTF-8"?>
<!-- Generated by org.testng.reporters.JUnitReportReporter -->
<testsuite hostname="LAPTOP-031RNPLC" failures="0" tests="1" name="crm_Leads.Base_Leads" time="10.449" errors="0" timestamp="2021-11-17T16:28:15 IST" skipped="0">
  <testcase classname="crm_Leads.Base_Leads" name="openApp" time="10.449"/>
</testsuite> <!-- crm_Leads.Base_Leads -->
