<?xml version="1.0" encoding="UTF-8"?>
<!-- Generated by org.testng.reporters.JUnitReportReporter -->
<testsuite hostname="NoahLenin" failures="0" tests="1" name="crm_proj.leads1" time="17.472" errors="0" timestamp="2021-11-30T18:11:36 IST" skipped="0">
  <testcase classname="crm_proj.leads1" name="tcl_1" time="17.472"/>
  <system-out/>
</testsuite> <!-- crm_proj.leads1 -->
