<?xml version="1.0" encoding="UTF-8"?>
<!-- Generated by org.testng.reporters.JUnitReportReporter -->
<testsuite hostname="Noah" failures="0" tests="2" name="crm_proj.test2" time="24.020" errors="0" timestamp="2021-12-07T12:29:24 IST" skipped="0">
  <testcase classname="crm_proj.test2" name="tc2" time="12.113"/>
  <system-out/>
  <testcase classname="crm_proj.test2" name="tc2" time="11.907"/>
  <system-out/>
</testsuite> <!-- crm_proj.test2 -->
