<?xml version="1.0" encoding="UTF-8"?>
<!-- Generated by org.testng.reporters.JUnitReportReporter -->
<testsuite hostname="Noah" failures="0" tests="1" name="crm_proj.test6" time="8.143" errors="0" timestamp="2021-12-30T12:44:26 IST" skipped="0">
  <testcase classname="crm_proj.test6" name="tc6" time="8.143"/>
  <system-out/>
</testsuite> <!-- crm_proj.test6 -->
